<?xml version="1.0" encoding="UTF-8"?>
<testng-results skipped="0" failed="6" total="8" passed="2">
  <reporter-output>
  </reporter-output>
  <suite name="SuiteOne" duration-ms="90917" started-at="2017-04-23T11:22:17Z" finished-at="2017-04-23T11:23:47Z">
    <groups>
    </groups>
    <test name="SuiteOneCaseOne" duration-ms="37746" started-at="2017-04-23T11:22:17Z" finished-at="2017-04-23T11:22:54Z">
      <class name="com.stta.SuiteOne.SuiteOneCaseOne">
        <test-method status="PASS" signature="checkCaseToRun()[pri:0, instance:com.stta.SuiteOne.SuiteOneCaseOne@18ef96]" name="checkCaseToRun" is-config="true" duration-ms="40" started-at="2017-04-23T16:52:17Z" finished-at="2017-04-23T16:52:17Z">
          <reporter-output>
          </reporter-output>
        </test-method> <!-- checkCaseToRun -->
        <test-method status="PASS" signature="SuiteOneCaseOneTest(java.lang.String, java.lang.String, java.lang.String, java.lang.String)[pri:0, instance:com.stta.SuiteOne.SuiteOneCaseOne@18ef96]" name="SuiteOneCaseOneTest" duration-ms="34168" started-at="2017-04-23T16:52:17Z" data-provider="SuiteOneCaseOneData" finished-at="2017-04-23T16:52:51Z">
          <params>
            <param index="0">
              <value>
                <![CDATA[9]]>
              </value>
            </param>
            <param index="1">
              <value>
                <![CDATA[5]]>
              </value>
            </param>
            <param index="2">
              <value>
                <![CDATA[7]]>
              </value>
            </param>
            <param index="3">
              <value>
                <![CDATA[21]]>
              </value>
            </param>
          </params>
          <reporter-output>
          </reporter-output>
        </test-method> <!-- SuiteOneCaseOneTest -->
        <test-method status="PASS" signature="reporterDataResults()[pri:0, instance:com.stta.SuiteOne.SuiteOneCaseOne@18ef96]" name="reporterDataResults" is-config="true" duration-ms="7" started-at="2017-04-23T16:52:51Z" finished-at="2017-04-23T16:52:51Z">
          <reporter-output>
          </reporter-output>
        </test-method> <!-- reporterDataResults -->
        <test-method status="PASS" signature="SuiteOneCaseOneTest(java.lang.String, java.lang.String, java.lang.String, java.lang.String)[pri:0, instance:com.stta.SuiteOne.SuiteOneCaseOne@18ef96]" name="SuiteOneCaseOneTest" duration-ms="3057" started-at="2017-04-23T16:52:51Z" data-provider="SuiteOneCaseOneData" finished-at="2017-04-23T16:52:54Z">
          <params>
            <param index="0">
              <value>
                <![CDATA[3]]>
              </value>
            </param>
            <param index="1">
              <value>
                <![CDATA[7]]>
              </value>
            </param>
            <param index="2">
              <value>
                <![CDATA[3]]>
              </value>
            </param>
            <param index="3">
              <value>
                <![CDATA[13]]>
              </value>
            </param>
          </params>
          <reporter-output>
          </reporter-output>
        </test-method> <!-- SuiteOneCaseOneTest -->
        <test-method status="PASS" signature="reporterDataResults()[pri:0, instance:com.stta.SuiteOne.SuiteOneCaseOne@18ef96]" name="reporterDataResults" is-config="true" duration-ms="6" started-at="2017-04-23T16:52:54Z" finished-at="2017-04-23T16:52:54Z">
          <reporter-output>
          </reporter-output>
        </test-method> <!-- reporterDataResults -->
        <test-method status="PASS" signature="closeBrowser()[pri:0, instance:com.stta.SuiteOne.SuiteOneCaseOne@18ef96]" name="closeBrowser" is-config="true" duration-ms="12" started-at="2017-04-23T16:52:54Z" finished-at="2017-04-23T16:52:54Z">
          <reporter-output>
          </reporter-output>
        </test-method> <!-- closeBrowser -->
      </class> <!-- com.stta.SuiteOne.SuiteOneCaseOne -->
    </test> <!-- SuiteOneCaseOne -->
    <test name="SuiteOneCaseTwo" duration-ms="53153" started-at="2017-04-23T11:22:54Z" finished-at="2017-04-23T11:23:47Z">
      <class name="com.stta.SuiteOne.SuiteOneCaseTwo">
        <test-method status="PASS" signature="checkSuiteToRun()[pri:0, instance:com.stta.SuiteOne.SuiteOneCaseTwo@1412c2f]" name="checkSuiteToRun" is-config="true" duration-ms="487" started-at="2017-04-23T16:52:16Z" finished-at="2017-04-23T16:52:17Z">
          <reporter-output>
          </reporter-output>
        </test-method> <!-- checkSuiteToRun -->
        <test-method status="PASS" signature="checkCaseToRun()[pri:0, instance:com.stta.SuiteOne.SuiteOneCaseTwo@1412c2f]" name="checkCaseToRun" is-config="true" duration-ms="10" started-at="2017-04-23T16:52:54Z" finished-at="2017-04-23T16:52:54Z">
          <reporter-output>
          </reporter-output>
        </test-method> <!-- checkCaseToRun -->
        <test-method status="FAIL" signature="SuiteOneCaseTwoTest(java.lang.String, java.lang.String, java.lang.String, java.lang.String)[pri:0, instance:com.stta.SuiteOne.SuiteOneCaseTwo@1412c2f]" name="SuiteOneCaseTwoTest" duration-ms="49837" started-at="2017-04-23T16:52:54Z" data-provider="SuiteOneCaseTwoData" finished-at="2017-04-23T16:53:44Z">
          <params>
            <param index="0">
              <value>
                <![CDATA[9]]>
              </value>
            </param>
            <param index="1">
              <value>
                <![CDATA[3]]>
              </value>
            </param>
            <param index="2">
              <value>
                <![CDATA[2]]>
              </value>
            </param>
            <param index="3">
              <value>
                <![CDATA[4]]>
              </value>
            </param>
          </params>
          <exception class="java.lang.NullPointerException">
            <full-stacktrace>
              <![CDATA[java.lang.NullPointerException
	at com.stta.SuiteOne.SuiteOneCaseTwo.SuiteOneCaseTwoTest(SuiteOneCaseTwo.java:87)
	at sun.reflect.NativeMethodAccessorImpl.invoke0(Native Method)
	at sun.reflect.NativeMethodAccessorImpl.invoke(NativeMethodAccessorImpl.java:62)
	at sun.reflect.DelegatingMethodAccessorImpl.invoke(DelegatingMethodAccessorImpl.java:43)
	at java.lang.reflect.Method.invoke(Method.java:498)
	at org.testng.internal.MethodInvocationHelper.invokeMethod(MethodInvocationHelper.java:80)
	at org.testng.internal.Invoker.invokeMethod(Invoker.java:714)
	at org.testng.internal.Invoker.invokeTestMethod(Invoker.java:901)
	at org.testng.internal.Invoker.invokeTestMethods(Invoker.java:1231)
	at org.testng.internal.TestMethodWorker.invokeTestMethods(TestMethodWorker.java:127)
	at org.testng.internal.TestMethodWorker.run(TestMethodWorker.java:111)
	at org.testng.TestRunner.privateRun(TestRunner.java:767)
	at org.testng.TestRunner.run(TestRunner.java:617)
	at org.testng.SuiteRunner.runTest(SuiteRunner.java:334)
	at org.testng.SuiteRunner.runSequentially(SuiteRunner.java:329)
	at org.testng.SuiteRunner.privateRun(SuiteRunner.java:291)
	at org.testng.SuiteRunner.run(SuiteRunner.java:240)
	at org.testng.SuiteRunnerWorker.runSuite(SuiteRunnerWorker.java:52)
	at org.testng.SuiteRunnerWorker.run(SuiteRunnerWorker.java:86)
	at org.testng.TestNG.runSuitesSequentially(TestNG.java:1198)
	at org.testng.TestNG.runSuitesSequentially(TestNG.java:1194)
	at org.testng.TestNG.runSuitesLocally(TestNG.java:1123)
	at org.testng.TestNG.run(TestNG.java:1031)
	at org.testng.TestNG.privateMain(TestNG.java:1338)
	at org.testng.TestNG.main(TestNG.java:1307)
]]>
            </full-stacktrace>
          </exception> <!-- java.lang.NullPointerException -->
          <reporter-output>
          </reporter-output>
        </test-method> <!-- SuiteOneCaseTwoTest -->
        <test-method status="PASS" signature="reporterDataResults()[pri:0, instance:com.stta.SuiteOne.SuiteOneCaseTwo@1412c2f]" name="reporterDataResults" is-config="true" duration-ms="9" started-at="2017-04-23T16:53:44Z" finished-at="2017-04-23T16:53:44Z">
          <reporter-output>
          </reporter-output>
        </test-method> <!-- reporterDataResults -->
        <test-method status="FAIL" signature="SuiteOneCaseTwoTest(java.lang.String, java.lang.String, java.lang.String, java.lang.String)[pri:0, instance:com.stta.SuiteOne.SuiteOneCaseTwo@1412c2f]" name="SuiteOneCaseTwoTest" duration-ms="2894" started-at="2017-04-23T16:53:44Z" data-provider="SuiteOneCaseTwoData" finished-at="2017-04-23T16:53:47Z">
          <params>
            <param index="0">
              <value>
                <![CDATA[4]]>
              </value>
            </param>
            <param index="1">
              <value>
                <![CDATA[2]]>
              </value>
            </param>
            <param index="2">
              <value>
                <![CDATA[5]]>
              </value>
            </param>
            <param index="3">
              <value>
                <![CDATA[-3]]>
              </value>
            </param>
          </params>
          <exception class="java.lang.NullPointerException">
            <full-stacktrace>
              <![CDATA[java.lang.NullPointerException
	at com.stta.SuiteOne.SuiteOneCaseTwo.SuiteOneCaseTwoTest(SuiteOneCaseTwo.java:87)
	at sun.reflect.NativeMethodAccessorImpl.invoke0(Native Method)
	at sun.reflect.NativeMethodAccessorImpl.invoke(NativeMethodAccessorImpl.java:62)
	at sun.reflect.DelegatingMethodAccessorImpl.invoke(DelegatingMethodAccessorImpl.java:43)
	at java.lang.reflect.Method.invoke(Method.java:498)
	at org.testng.internal.MethodInvocationHelper.invokeMethod(MethodInvocationHelper.java:80)
	at org.testng.internal.Invoker.invokeMethod(Invoker.java:714)
	at org.testng.internal.Invoker.invokeTestMethod(Invoker.java:901)
	at org.testng.internal.Invoker.invokeTestMethods(Invoker.java:1231)
	at org.testng.internal.TestMethodWorker.invokeTestMethods(TestMethodWorker.java:127)
	at org.testng.internal.TestMethodWorker.run(TestMethodWorker.java:111)
	at org.testng.TestRunner.privateRun(TestRunner.java:767)
	at org.testng.TestRunner.run(TestRunner.java:617)
	at org.testng.SuiteRunner.runTest(SuiteRunner.java:334)
	at org.testng.SuiteRunner.runSequentially(SuiteRunner.java:329)
	at org.testng.SuiteRunner.privateRun(SuiteRunner.java:291)
	at org.testng.SuiteRunner.run(SuiteRunner.java:240)
	at org.testng.SuiteRunnerWorker.runSuite(SuiteRunnerWorker.java:52)
	at org.testng.SuiteRunnerWorker.run(SuiteRunnerWorker.java:86)
	at org.testng.TestNG.runSuitesSequentially(TestNG.java:1198)
	at org.testng.TestNG.runSuitesSequentially(TestNG.java:1194)
	at org.testng.TestNG.runSuitesLocally(TestNG.java:1123)
	at org.testng.TestNG.run(TestNG.java:1031)
	at org.testng.TestNG.privateMain(TestNG.java:1338)
	at org.testng.TestNG.main(TestNG.java:1307)
]]>
            </full-stacktrace>
          </exception> <!-- java.lang.NullPointerException -->
          <reporter-output>
          </reporter-output>
        </test-method> <!-- SuiteOneCaseTwoTest -->
        <test-method status="PASS" signature="reporterDataResults()[pri:0, instance:com.stta.SuiteOne.SuiteOneCaseTwo@1412c2f]" name="reporterDataResults" is-config="true" duration-ms="5" started-at="2017-04-23T16:53:47Z" finished-at="2017-04-23T16:53:47Z">
          <reporter-output>
          </reporter-output>
        </test-method> <!-- reporterDataResults -->
        <test-method status="PASS" signature="closeBrowser()[pri:0, instance:com.stta.SuiteOne.SuiteOneCaseTwo@1412c2f]" name="closeBrowser" is-config="true" duration-ms="9" started-at="2017-04-23T16:53:47Z" finished-at="2017-04-23T16:53:47Z">
          <reporter-output>
          </reporter-output>
        </test-method> <!-- closeBrowser -->
      </class> <!-- com.stta.SuiteOne.SuiteOneCaseTwo -->
    </test> <!-- SuiteOneCaseTwo -->
  </suite> <!-- SuiteOne -->
  <suite name="Calc Suite" duration-ms="0" started-at="2017-04-23T11:24:27Z" finished-at="2017-04-23T11:24:27Z">
    <groups>
    </groups>
  </suite> <!-- Calc Suite -->
  <suite name="SuiteTwo" duration-ms="38846" started-at="2017-04-23T11:23:47Z" finished-at="2017-04-23T11:24:26Z">
    <groups>
    </groups>
    <test name="SuiteTwoCaseOne" duration-ms="19335" started-at="2017-04-23T11:23:47Z" finished-at="2017-04-23T11:24:07Z">
      <class name="com.stta.SuiteTwo.SuiteTwoCaseOne">
        <test-method status="PASS" signature="checkCaseToRun()[pri:0, instance:com.stta.SuiteTwo.SuiteTwoCaseOne@1a06946]" name="checkCaseToRun" is-config="true" duration-ms="7" started-at="2017-04-23T16:53:47Z" finished-at="2017-04-23T16:53:47Z">
          <reporter-output>
          </reporter-output>
        </test-method> <!-- checkCaseToRun -->
        <test-method status="FAIL" signature="SuiteTwoCaseOneTest(java.lang.String, java.lang.String, java.lang.String)[pri:0, instance:com.stta.SuiteTwo.SuiteTwoCaseOne@1a06946]" name="SuiteTwoCaseOneTest" duration-ms="15420" started-at="2017-04-23T16:53:47Z" data-provider="SuiteTwoCaseOneData" finished-at="2017-04-23T16:54:03Z">
          <params>
            <param index="0">
              <value>
                <![CDATA[9]]>
              </value>
            </param>
            <param index="1">
              <value>
                <![CDATA[5]]>
              </value>
            </param>
            <param index="2">
              <value>
                <![CDATA[45]]>
              </value>
            </param>
          </params>
          <exception class="java.lang.NullPointerException">
            <full-stacktrace>
              <![CDATA[java.lang.NullPointerException
	at com.stta.SuiteTwo.SuiteTwoCaseOne.SuiteTwoCaseOneTest(SuiteTwoCaseOne.java:86)
	at sun.reflect.NativeMethodAccessorImpl.invoke0(Native Method)
	at sun.reflect.NativeMethodAccessorImpl.invoke(NativeMethodAccessorImpl.java:62)
	at sun.reflect.DelegatingMethodAccessorImpl.invoke(DelegatingMethodAccessorImpl.java:43)
	at java.lang.reflect.Method.invoke(Method.java:498)
	at org.testng.internal.MethodInvocationHelper.invokeMethod(MethodInvocationHelper.java:80)
	at org.testng.internal.Invoker.invokeMethod(Invoker.java:714)
	at org.testng.internal.Invoker.invokeTestMethod(Invoker.java:901)
	at org.testng.internal.Invoker.invokeTestMethods(Invoker.java:1231)
	at org.testng.internal.TestMethodWorker.invokeTestMethods(TestMethodWorker.java:127)
	at org.testng.internal.TestMethodWorker.run(TestMethodWorker.java:111)
	at org.testng.TestRunner.privateRun(TestRunner.java:767)
	at org.testng.TestRunner.run(TestRunner.java:617)
	at org.testng.SuiteRunner.runTest(SuiteRunner.java:334)
	at org.testng.SuiteRunner.runSequentially(SuiteRunner.java:329)
	at org.testng.SuiteRunner.privateRun(SuiteRunner.java:291)
	at org.testng.SuiteRunner.run(SuiteRunner.java:240)
	at org.testng.SuiteRunnerWorker.runSuite(SuiteRunnerWorker.java:52)
	at org.testng.SuiteRunnerWorker.run(SuiteRunnerWorker.java:86)
	at org.testng.TestNG.runSuitesSequentially(TestNG.java:1198)
	at org.testng.TestNG.runSuitesSequentially(TestNG.java:1194)
	at org.testng.TestNG.runSuitesLocally(TestNG.java:1123)
	at org.testng.TestNG.run(TestNG.java:1031)
	at org.testng.TestNG.privateMain(TestNG.java:1338)
	at org.testng.TestNG.main(TestNG.java:1307)
]]>
            </full-stacktrace>
          </exception> <!-- java.lang.NullPointerException -->
          <reporter-output>
          </reporter-output>
        </test-method> <!-- SuiteTwoCaseOneTest -->
        <test-method status="PASS" signature="reporterDataResults()[pri:0, instance:com.stta.SuiteTwo.SuiteTwoCaseOne@1a06946]" name="reporterDataResults" is-config="true" duration-ms="9" started-at="2017-04-23T16:54:03Z" finished-at="2017-04-23T16:54:03Z">
          <reporter-output>
          </reporter-output>
        </test-method> <!-- reporterDataResults -->
        <test-method status="FAIL" signature="SuiteTwoCaseOneTest(java.lang.String, java.lang.String, java.lang.String)[pri:0, instance:com.stta.SuiteTwo.SuiteTwoCaseOne@1a06946]" name="SuiteTwoCaseOneTest" duration-ms="3398" started-at="2017-04-23T16:54:03Z" data-provider="SuiteTwoCaseOneData" finished-at="2017-04-23T16:54:07Z">
          <params>
            <param index="0">
              <value>
                <![CDATA[3]]>
              </value>
            </param>
            <param index="1">
              <value>
                <![CDATA[7]]>
              </value>
            </param>
            <param index="2">
              <value>
                <![CDATA[21]]>
              </value>
            </param>
          </params>
          <exception class="java.lang.NullPointerException">
            <full-stacktrace>
              <![CDATA[java.lang.NullPointerException
	at com.stta.SuiteTwo.SuiteTwoCaseOne.SuiteTwoCaseOneTest(SuiteTwoCaseOne.java:86)
	at sun.reflect.NativeMethodAccessorImpl.invoke0(Native Method)
	at sun.reflect.NativeMethodAccessorImpl.invoke(NativeMethodAccessorImpl.java:62)
	at sun.reflect.DelegatingMethodAccessorImpl.invoke(DelegatingMethodAccessorImpl.java:43)
	at java.lang.reflect.Method.invoke(Method.java:498)
	at org.testng.internal.MethodInvocationHelper.invokeMethod(MethodInvocationHelper.java:80)
	at org.testng.internal.Invoker.invokeMethod(Invoker.java:714)
	at org.testng.internal.Invoker.invokeTestMethod(Invoker.java:901)
	at org.testng.internal.Invoker.invokeTestMethods(Invoker.java:1231)
	at org.testng.internal.TestMethodWorker.invokeTestMethods(TestMethodWorker.java:127)
	at org.testng.internal.TestMethodWorker.run(TestMethodWorker.java:111)
	at org.testng.TestRunner.privateRun(TestRunner.java:767)
	at org.testng.TestRunner.run(TestRunner.java:617)
	at org.testng.SuiteRunner.runTest(SuiteRunner.java:334)
	at org.testng.SuiteRunner.runSequentially(SuiteRunner.java:329)
	at org.testng.SuiteRunner.privateRun(SuiteRunner.java:291)
	at org.testng.SuiteRunner.run(SuiteRunner.java:240)
	at org.testng.SuiteRunnerWorker.runSuite(SuiteRunnerWorker.java:52)
	at org.testng.SuiteRunnerWorker.run(SuiteRunnerWorker.java:86)
	at org.testng.TestNG.runSuitesSequentially(TestNG.java:1198)
	at org.testng.TestNG.runSuitesSequentially(TestNG.java:1194)
	at org.testng.TestNG.runSuitesLocally(TestNG.java:1123)
	at org.testng.TestNG.run(TestNG.java:1031)
	at org.testng.TestNG.privateMain(TestNG.java:1338)
	at org.testng.TestNG.main(TestNG.java:1307)
]]>
            </full-stacktrace>
          </exception> <!-- java.lang.NullPointerException -->
          <reporter-output>
          </reporter-output>
        </test-method> <!-- SuiteTwoCaseOneTest -->
        <test-method status="PASS" signature="reporterDataResults()[pri:0, instance:com.stta.SuiteTwo.SuiteTwoCaseOne@1a06946]" name="reporterDataResults" is-config="true" duration-ms="9" started-at="2017-04-23T16:54:07Z" finished-at="2017-04-23T16:54:07Z">
          <reporter-output>
          </reporter-output>
        </test-method> <!-- reporterDataResults -->
        <test-method status="PASS" signature="closeBrowser()[pri:0, instance:com.stta.SuiteTwo.SuiteTwoCaseOne@1a06946]" name="closeBrowser" is-config="true" duration-ms="24" started-at="2017-04-23T16:54:07Z" finished-at="2017-04-23T16:54:07Z">
          <reporter-output>
          </reporter-output>
        </test-method> <!-- closeBrowser -->
      </class> <!-- com.stta.SuiteTwo.SuiteTwoCaseOne -->
    </test> <!-- SuiteTwoCaseOne -->
    <test name="SuiteTwoCaseTwo" duration-ms="19504" started-at="2017-04-23T11:24:07Z" finished-at="2017-04-23T11:24:26Z">
      <class name="com.stta.SuiteTwo.SuiteTwoCaseTwo">
        <test-method status="PASS" signature="checkSuiteToRun()[pri:0, instance:com.stta.SuiteTwo.SuiteTwoCaseTwo@16995df]" name="checkSuiteToRun" is-config="true" duration-ms="14" started-at="2017-04-23T16:53:47Z" finished-at="2017-04-23T16:53:47Z">
          <reporter-output>
          </reporter-output>
        </test-method> <!-- checkSuiteToRun -->
        <test-method status="PASS" signature="checkCaseToRun()[pri:0, instance:com.stta.SuiteTwo.SuiteTwoCaseTwo@16995df]" name="checkCaseToRun" is-config="true" duration-ms="21" started-at="2017-04-23T16:54:07Z" finished-at="2017-04-23T16:54:07Z">
          <reporter-output>
          </reporter-output>
        </test-method> <!-- checkCaseToRun -->
        <test-method status="FAIL" signature="SuiteTwoCaseTwoTest(java.lang.String, java.lang.String, java.lang.String)[pri:0, instance:com.stta.SuiteTwo.SuiteTwoCaseTwo@16995df]" name="SuiteTwoCaseTwoTest" duration-ms="16194" started-at="2017-04-23T16:54:07Z" data-provider="SuiteTwoCaseTwoData" finished-at="2017-04-23T16:54:23Z">
          <params>
            <param index="0">
              <value>
                <![CDATA[9]]>
              </value>
            </param>
            <param index="1">
              <value>
                <![CDATA[3]]>
              </value>
            </param>
            <param index="2">
              <value>
                <![CDATA[3]]>
              </value>
            </param>
          </params>
          <exception class="java.lang.NullPointerException">
            <full-stacktrace>
              <![CDATA[java.lang.NullPointerException
	at com.stta.SuiteTwo.SuiteTwoCaseTwo.SuiteTwoCaseTwoTest(SuiteTwoCaseTwo.java:86)
	at sun.reflect.NativeMethodAccessorImpl.invoke0(Native Method)
	at sun.reflect.NativeMethodAccessorImpl.invoke(NativeMethodAccessorImpl.java:62)
	at sun.reflect.DelegatingMethodAccessorImpl.invoke(DelegatingMethodAccessorImpl.java:43)
	at java.lang.reflect.Method.invoke(Method.java:498)
	at org.testng.internal.MethodInvocationHelper.invokeMethod(MethodInvocationHelper.java:80)
	at org.testng.internal.Invoker.invokeMethod(Invoker.java:714)
	at org.testng.internal.Invoker.invokeTestMethod(Invoker.java:901)
	at org.testng.internal.Invoker.invokeTestMethods(Invoker.java:1231)
	at org.testng.internal.TestMethodWorker.invokeTestMethods(TestMethodWorker.java:127)
	at org.testng.internal.TestMethodWorker.run(TestMethodWorker.java:111)
	at org.testng.TestRunner.privateRun(TestRunner.java:767)
	at org.testng.TestRunner.run(TestRunner.java:617)
	at org.testng.SuiteRunner.runTest(SuiteRunner.java:334)
	at org.testng.SuiteRunner.runSequentially(SuiteRunner.java:329)
	at org.testng.SuiteRunner.privateRun(SuiteRunner.java:291)
	at org.testng.SuiteRunner.run(SuiteRunner.java:240)
	at org.testng.SuiteRunnerWorker.runSuite(SuiteRunnerWorker.java:52)
	at org.testng.SuiteRunnerWorker.run(SuiteRunnerWorker.java:86)
	at org.testng.TestNG.runSuitesSequentially(TestNG.java:1198)
	at org.testng.TestNG.runSuitesSequentially(TestNG.java:1194)
	at org.testng.TestNG.runSuitesLocally(TestNG.java:1123)
	at org.testng.TestNG.run(TestNG.java:1031)
	at org.testng.TestNG.privateMain(TestNG.java:1338)
	at org.testng.TestNG.main(TestNG.java:1307)
]]>
            </full-stacktrace>
          </exception> <!-- java.lang.NullPointerException -->
          <reporter-output>
          </reporter-output>
        </test-method> <!-- SuiteTwoCaseTwoTest -->
        <test-method status="PASS" signature="reporterDataResults()[pri:0, instance:com.stta.SuiteTwo.SuiteTwoCaseTwo@16995df]" name="reporterDataResults" is-config="true" duration-ms="6" started-at="2017-04-23T16:54:23Z" finished-at="2017-04-23T16:54:23Z">
          <reporter-output>
          </reporter-output>
        </test-method> <!-- reporterDataResults -->
        <test-method status="FAIL" signature="SuiteTwoCaseTwoTest(java.lang.String, java.lang.String, java.lang.String)[pri:0, instance:com.stta.SuiteTwo.SuiteTwoCaseTwo@16995df]" name="SuiteTwoCaseTwoTest" duration-ms="2885" started-at="2017-04-23T16:54:23Z" data-provider="SuiteTwoCaseTwoData" finished-at="2017-04-23T16:54:26Z">
          <params>
            <param index="0">
              <value>
                <![CDATA[4]]>
              </value>
            </param>
            <param index="1">
              <value>
                <![CDATA[2]]>
              </value>
            </param>
            <param index="2">
              <value>
                <![CDATA[2]]>
              </value>
            </param>
          </params>
          <exception class="java.lang.NullPointerException">
            <full-stacktrace>
              <![CDATA[java.lang.NullPointerException
	at com.stta.SuiteTwo.SuiteTwoCaseTwo.SuiteTwoCaseTwoTest(SuiteTwoCaseTwo.java:86)
	at sun.reflect.NativeMethodAccessorImpl.invoke0(Native Method)
	at sun.reflect.NativeMethodAccessorImpl.invoke(NativeMethodAccessorImpl.java:62)
	at sun.reflect.DelegatingMethodAccessorImpl.invoke(DelegatingMethodAccessorImpl.java:43)
	at java.lang.reflect.Method.invoke(Method.java:498)
	at org.testng.internal.MethodInvocationHelper.invokeMethod(MethodInvocationHelper.java:80)
	at org.testng.internal.Invoker.invokeMethod(Invoker.java:714)
	at org.testng.internal.Invoker.invokeTestMethod(Invoker.java:901)
	at org.testng.internal.Invoker.invokeTestMethods(Invoker.java:1231)
	at org.testng.internal.TestMethodWorker.invokeTestMethods(TestMethodWorker.java:127)
	at org.testng.internal.TestMethodWorker.run(TestMethodWorker.java:111)
	at org.testng.TestRunner.privateRun(TestRunner.java:767)
	at org.testng.TestRunner.run(TestRunner.java:617)
	at org.testng.SuiteRunner.runTest(SuiteRunner.java:334)
	at org.testng.SuiteRunner.runSequentially(SuiteRunner.java:329)
	at org.testng.SuiteRunner.privateRun(SuiteRunner.java:291)
	at org.testng.SuiteRunner.run(SuiteRunner.java:240)
	at org.testng.SuiteRunnerWorker.runSuite(SuiteRunnerWorker.java:52)
	at org.testng.SuiteRunnerWorker.run(SuiteRunnerWorker.java:86)
	at org.testng.TestNG.runSuitesSequentially(TestNG.java:1198)
	at org.testng.TestNG.runSuitesSequentially(TestNG.java:1194)
	at org.testng.TestNG.runSuitesLocally(TestNG.java:1123)
	at org.testng.TestNG.run(TestNG.java:1031)
	at org.testng.TestNG.privateMain(TestNG.java:1338)
	at org.testng.TestNG.main(TestNG.java:1307)
]]>
            </full-stacktrace>
          </exception> <!-- java.lang.NullPointerException -->
          <reporter-output>
          </reporter-output>
        </test-method> <!-- SuiteTwoCaseTwoTest -->
        <test-method status="PASS" signature="reporterDataResults()[pri:0, instance:com.stta.SuiteTwo.SuiteTwoCaseTwo@16995df]" name="reporterDataResults" is-config="true" duration-ms="4" started-at="2017-04-23T16:54:26Z" finished-at="2017-04-23T16:54:26Z">
          <reporter-output>
          </reporter-output>
        </test-method> <!-- reporterDataResults -->
        <test-method status="PASS" signature="closeBrowser()[pri:0, instance:com.stta.SuiteTwo.SuiteTwoCaseTwo@16995df]" name="closeBrowser" is-config="true" duration-ms="12" started-at="2017-04-23T16:54:26Z" finished-at="2017-04-23T16:54:26Z">
          <reporter-output>
          </reporter-output>
        </test-method> <!-- closeBrowser -->
      </class> <!-- com.stta.SuiteTwo.SuiteTwoCaseTwo -->
    </test> <!-- SuiteTwoCaseTwo -->
  </suite> <!-- SuiteTwo -->
</testng-results>
