<?xml version="1.0" encoding="UTF-8"?>
<!-- Generated by org.testng.reporters.JUnitXMLReporter -->
<testsuite hostname="NAMAN-PC" name="SuiteOneCaseTwo" tests="2" failures="2" timestamp="23 Apr 2017 11:23:47 GMT" time="53.153" errors="0">
  <testcase name="SuiteOneCaseTwoTest" time="49.837" classname="com.stta.SuiteOne.SuiteOneCaseTwo">
    <failure type="java.lang.NullPointerException">
      <![CDATA[java.lang.NullPointerException
	at com.stta.SuiteOne.SuiteOneCaseTwo.SuiteOneCaseTwoTest(SuiteOneCaseTwo.java:87)
... Removed 24 stack frames]]>
    </failure>
  </testcase> <!-- SuiteOneCaseTwoTest -->
  <testcase name="SuiteOneCaseTwoTest" time="2.894" classname="com.stta.SuiteOne.SuiteOneCaseTwo">
    <failure type="java.lang.NullPointerException">
      <![CDATA[java.lang.NullPointerException
	at com.stta.SuiteOne.SuiteOneCaseTwo.SuiteOneCaseTwoTest(SuiteOneCaseTwo.java:87)
... Removed 24 stack frames]]>
    </failure>
  </testcase> <!-- SuiteOneCaseTwoTest -->
</testsuite> <!-- SuiteOneCaseTwo -->
